2025-04-08 19:23:33.754705 - Received CBT.V508.FILE117.PDS from FILE117.XMI 
2025-04-08 19:23:33.758690 - Found $$$#DATE.txt (text/plain) in CBT.V508.FILE117.PDS, moved to PDS/$$$#DATE
2025-04-08 19:23:33.760407 - Found $DOCWTOE.txt (text/plain) in CBT.V508.FILE117.PDS, moved to PDS/$DOCWTOE
2025-04-08 19:23:33.762005 - Found @FILE117.txt (text/plain) in CBT.V508.FILE117.PDS, moved to PDS/@FILE117
2025-04-08 19:23:33.763366 - Found IEAVMXIT.txt (text/plain) in CBT.V508.FILE117.PDS, moved to PDS/IEAVMXIT
2025-04-08 19:23:33.764956 - Found MPFLST00.txt (text/plain) in CBT.V508.FILE117.PDS, moved to PDS/MPFLST00
2025-04-08 19:23:33.766349 - Found NEWGENER.txt (text/plain) in CBT.V508.FILE117.PDS, moved to PDS/NEWGENER
2025-04-08 19:23:33.767691 - Found REGEQU.txt (text/plain) in CBT.V508.FILE117.PDS, moved to PDS/REGEQU
2025-04-08 19:23:33.769008 - Found USERCVT.txt (text/plain) in CBT.V508.FILE117.PDS, moved to PDS/USERCVT
2025-04-08 19:23:33.770335 - Found WTODB103.txt (text/plain) in CBT.V508.FILE117.PDS, moved to PDS/WTODB103
2025-04-08 19:23:33.771657 - Found WTOD1001.txt (text/plain) in CBT.V508.FILE117.PDS, moved to PDS/WTOD1001
2025-04-08 19:23:33.772978 - Found WTOECVT.txt (text/plain) in CBT.V508.FILE117.PDS, moved to PDS/WTOECVT
2025-04-08 19:23:33.774336 - Found WTOEDB30.txt (text/plain) in CBT.V508.FILE117.PDS, moved to PDS/WTOEDB30
2025-04-08 19:23:33.775929 - Found WTOEF97I.txt (text/plain) in CBT.V508.FILE117.PDS, moved to PDS/WTOEF97I
2025-04-08 19:23:33.777434 - Found WTOEIUTL.txt (text/plain) in CBT.V508.FILE117.PDS, moved to PDS/WTOEIUTL
2025-04-08 19:23:33.778886 - Found WTOEI000.txt (text/plain) in CBT.V508.FILE117.PDS, moved to PDS/WTOEI000
2025-04-08 19:23:33.780214 - Found WTOEI554.txt (text/plain) in CBT.V508.FILE117.PDS, moved to PDS/WTOEI554
2025-04-08 19:23:33.781701 - Found WTOEI996.txt (text/plain) in CBT.V508.FILE117.PDS, moved to PDS/WTOEI996
2025-04-08 19:23:33.783196 - Found WTOENROL.txt (text/plain) in CBT.V508.FILE117.PDS, moved to PDS/WTOENROL
2025-04-08 19:23:33.784566 - Found WTOERD.txt (text/plain) in CBT.V508.FILE117.PDS, moved to PDS/WTOERD
2025-04-08 19:23:33.786018 - Found WTOERHLD.txt (text/plain) in CBT.V508.FILE117.PDS, moved to PDS/WTOERHLD
2025-04-08 19:23:33.787348 - Found WTOERM.txt (text/plain) in CBT.V508.FILE117.PDS, moved to PDS/WTOERM
2025-04-08 19:23:33.788776 - Found WTOERNHL.txt (text/plain) in CBT.V508.FILE117.PDS, moved to PDS/WTOERNHL
2025-04-08 19:23:33.790314 - Found WTOEROLL.txt (text/plain) in CBT.V508.FILE117.PDS, moved to PDS/WTOEROLL
2025-04-08 19:23:33.791732 - Found WTOERU.txt (text/plain) in CBT.V508.FILE117.PDS, moved to PDS/WTOERU
2025-04-08 19:23:33.793156 - Found WTOERWAT.txt (text/plain) in CBT.V508.FILE117.PDS, moved to PDS/WTOERWAT
2025-04-08 19:23:33.794487 - Found WTOERY.txt (text/plain) in CBT.V508.FILE117.PDS, moved to PDS/WTOERY
2025-04-08 19:23:33.796128 - Found WTOER301.txt (text/plain) in CBT.V508.FILE117.PDS, moved to PDS/WTOER301
2025-04-08 19:23:33.797872 - Found WTOETPS1.txt (text/plain) in CBT.V508.FILE117.PDS, moved to PDS/WTOETPS1
2025-04-08 19:23:33.799226 - Found WTOETPS2.txt (text/plain) in CBT.V508.FILE117.PDS, moved to PDS/WTOETPS2
2025-04-08 19:23:33.800740 - Found WTOEUCVT.txt (text/plain) in CBT.V508.FILE117.PDS, moved to PDS/WTOEUCVT
2025-04-08 19:23:33.802593 - Found WTOE176I.txt (text/plain) in CBT.V508.FILE117.PDS, moved to PDS/WTOE176I
2025-04-08 19:23:33.804179 - Found WTOE315I.txt (text/plain) in CBT.V508.FILE117.PDS, moved to PDS/WTOE315I
2025-04-08 19:23:33.805684 - Found WTOE362A.txt (text/plain) in CBT.V508.FILE117.PDS, moved to PDS/WTOE362A
